
Platform: Intel Gen OCL Driver
  Device: Intel(R) HD Graphics Haswell GT2 Desktop
    Driver version  : 1.0 (Linux x64)
    Compute units   : 20
    Clock frequency : 1000 MHz

    Global memory bandwidth (GBPS)
      float   : 15.24
      float2  : 15.64
      float4  : 15.92
      float8  : 13.17
      float16 : 9.99

    Single-precision compute (GFLOPS)
      float   : 246.03
      float2  : 250.34
      float4  : 250.64
      float8  : 249.95
      float16 : 268.33

    No double precision support! Skipped

    Transfer bandwidth (GBPS)
      enqueueWriteBuffer         : 12.00
      enqueueReadBuffer          : 5.95
      enqueueMapBuffer(for read) : 223696.20
        memcpy from mapped ptr   : 5.20
      enqueueUnmap(after write)  : inf
        memcpy to mapped ptr     : 5.20

    Kernel launch latency : 
